# JRE version: OpenJDK Runtime Environment (17.0.6) (build 17.0.6+0-b2043.56-9586694)
# Java VM: OpenJDK 64-Bit Server VM (17.0.6+0-b2043.56-9586694, mixed mode, tiered, compressed oops, compressed class ptrs, g1 gc, windows-amd64)
GC Precious Log:
 CPUs: 16 total, 16 available
 Memory: 32489M
 Large Page Support: Disabled
 NUMA Support: Disabled
 Compressed Oops: Enabled (Zero based)
 Heap Region Size: 4M
 Heap Min Capacity: 8M
 Heap Initial Capacity: 508M
 Heap Max Capacity: 8124M
 Pre-touch: Disabled
 Parallel Workers: 13
 Concurrent Workers: 3
 Concurrent Refinement Workers: 13
 Periodic GC: Disabled
Heap:
 garbage-first heap   total 266240K, used 172966K [0x0000000604400000, 0x0000000800000000)
  region size 4096K, 20 young (81920K), 3 survivors (12288K)
 Metaspace       used 73924K, committed 74240K, reserved 1122304K
  class space    used 8320K, committed 8448K, reserved 1048576K
GC Heap History (20 events):
Event: 2.206 GC heap before
{Heap before GC invocations=7 (full 0):
 garbage-first heap   total 69632K, used 24961K [0x0000000604400000, 0x0000000800000000)
  region size 4096K, 2 young (8192K), 1 survivors (4096K)
 Metaspace       used 35958K, committed 36160K, reserved 1081344K
  class space    used 4522K, committed 4608K, reserved 1048576K
}
Event: 2.212 GC heap after
{Heap after GC invocations=8 (full 0):
 garbage-first heap   total 69632K, used 25756K [0x0000000604400000, 0x0000000800000000)
  region size 4096K, 1 young (4096K), 1 survivors (4096K)
 Metaspace       used 35958K, committed 36160K, reserved 1081344K
  class space    used 4522K, committed 4608K, reserved 1048576K
}
Event: 2.402 GC heap before
{Heap before GC invocations=9 (full 0):
 garbage-first heap   total 69632K, used 42140K [0x0000000604400000, 0x0000000800000000)
  region size 4096K, 5 young (20480K), 1 survivors (4096K)
 Metaspace       used 38936K, committed 39232K, reserved 1089536K
  class space    used 4864K, committed 4992K, reserved 1048576K
}
Event: 2.406 GC heap after
{Heap after GC invocations=10 (full 0):
 garbage-first heap   total 69632K, used 27849K [0x0000000604400000, 0x0000000800000000)
  region size 4096K, 1 young (4096K), 1 survivors (4096K)
 Metaspace       used 38936K, committed 39232K, reserved 1089536K
  class space    used 4864K, committed 4992K, reserved 1048576K
}
Event: 2.698 GC heap before
{Heap before GC invocations=10 (full 0):
 garbage-first heap   total 69632K, used 40137K [0x0000000604400000, 0x0000000800000000)
  region size 4096K, 5 young (20480K), 1 survivors (4096K)
 Metaspace       used 42014K, committed 42304K, reserved 1089536K
  class space    used 5148K, committed 5312K, reserved 1048576K
}
Event: 2.705 GC heap after
{Heap after GC invocations=11 (full 0):
 garbage-first heap   total 294912K, used 29816K [0x0000000604400000, 0x0000000800000000)
  region size 4096K, 1 young (4096K), 1 survivors (4096K)
 Metaspace       used 42014K, committed 42304K, reserved 1089536K
  class space    used 5148K, committed 5312K, reserved 1048576K
}
Event: 5.067 GC heap before
{Heap before GC invocations=11 (full 0):
 garbage-first heap   total 294912K, used 169080K [0x0000000604400000, 0x0000000800000000)
  region size 4096K, 36 young (147456K), 1 survivors (4096K)
 Metaspace       used 60460K, committed 60736K, reserved 1105920K
  class space    used 7179K, committed 7296K, reserved 1048576K
}
Event: 5.078 GC heap after
{Heap after GC invocations=12 (full 0):
 garbage-first heap   total 294912K, used 48328K [0x0000000604400000, 0x0000000800000000)
  region size 4096K, 5 young (20480K), 5 survivors (20480K)
 Metaspace       used 60460K, committed 60736K, reserved 1105920K
  class space    used 7179K, committed 7296K, reserved 1048576K
}
Event: 6.188 GC heap before
{Heap before GC invocations=13 (full 0):
 garbage-first heap   total 180224K, used 134344K [0x0000000604400000, 0x0000000800000000)
  region size 4096K, 26 young (106496K), 5 survivors (20480K)
 Metaspace       used 62942K, committed 63232K, reserved 1105920K
  class space    used 7341K, committed 7488K, reserved 1048576K
}
Event: 6.213 GC heap after
{Heap after GC invocations=14 (full 0):
 garbage-first heap   total 180224K, used 65498K [0x0000000604400000, 0x0000000800000000)
  region size 4096K, 4 young (16384K), 4 survivors (16384K)
 Metaspace       used 62942K, committed 63232K, reserved 1105920K
  class space    used 7341K, committed 7488K, reserved 1048576K
}
Event: 6.663 GC heap before
{Heap before GC invocations=14 (full 0):
 garbage-first heap   total 180224K, used 122842K [0x0000000604400000, 0x0000000800000000)
  region size 4096K, 18 young (73728K), 4 survivors (16384K)
 Metaspace       used 63276K, committed 63552K, reserved 1105920K
  class space    used 7365K, committed 7488K, reserved 1048576K
}
Event: 6.690 GC heap after
{Heap after GC invocations=15 (full 0):
 garbage-first heap   total 180224K, used 76606K [0x0000000604400000, 0x0000000800000000)
  region size 4096K, 3 young (12288K), 3 survivors (12288K)
 Metaspace       used 63276K, committed 63552K, reserved 1105920K
  class space    used 7365K, committed 7488K, reserved 1048576K
}
Event: 6.798 GC heap before
{Heap before GC invocations=15 (full 0):
 garbage-first heap   total 180224K, used 125758K [0x0000000604400000, 0x0000000800000000)
  region size 4096K, 15 young (61440K), 3 survivors (12288K)
 Metaspace       used 63290K, committed 63552K, reserved 1105920K
  class space    used 7365K, committed 7488K, reserved 1048576K
}
Event: 6.808 GC heap after
{Heap after GC invocations=16 (full 0):
 garbage-first heap   total 180224K, used 77875K [0x0000000604400000, 0x0000000800000000)
  region size 4096K, 1 young (4096K), 1 survivors (4096K)
 Metaspace       used 63290K, committed 63552K, reserved 1105920K
  class space    used 7365K, committed 7488K, reserved 1048576K
}
Event: 7.663 GC heap before
{Heap before GC invocations=16 (full 0):
 garbage-first heap   total 180224K, used 135219K [0x0000000604400000, 0x0000000800000000)
  region size 4096K, 15 young (61440K), 1 survivors (4096K)
 Metaspace       used 68246K, committed 68544K, reserved 1114112K
  class space    used 7951K, committed 8064K, reserved 1048576K
}
Event: 7.669 GC heap after
{Heap after GC invocations=17 (full 0):
 garbage-first heap   total 266240K, used 79815K [0x0000000604400000, 0x0000000800000000)
  region size 4096K, 1 young (4096K), 1 survivors (4096K)
 Metaspace       used 68246K, committed 68544K, reserved 1114112K
  class space    used 7951K, committed 8064K, reserved 1048576K
}
Event: 11.396 GC heap before
{Heap before GC invocations=17 (full 0):
 garbage-first heap   total 266240K, used 198599K [0x0000000604400000, 0x0000000800000000)
  region size 4096K, 30 young (122880K), 1 survivors (4096K)
 Metaspace       used 72578K, committed 72960K, reserved 1114112K
  class space    used 8292K, committed 8448K, reserved 1048576K
}
Event: 11.410 GC heap after
{Heap after GC invocations=18 (full 0):
 garbage-first heap   total 266240K, used 95172K [0x0000000604400000, 0x0000000800000000)
  region size 4096K, 4 young (16384K), 4 survivors (16384K)
 Metaspace       used 72578K, committed 72960K, reserved 1114112K
  class space    used 8292K, committed 8448K, reserved 1048576K
}
Event: 13.899 GC heap before
{Heap before GC invocations=18 (full 0):
 garbage-first heap   total 266240K, used 201668K [0x0000000604400000, 0x0000000800000000)
  region size 4096K, 30 young (122880K), 4 survivors (16384K)
 Metaspace       used 73490K, committed 73792K, reserved 1122304K
  class space    used 8317K, committed 8448K, reserved 1048576K
}
Event: 13.919 GC heap after
{Heap after GC invocations=19 (full 0):
 garbage-first heap   total 266240K, used 107430K [0x0000000604400000, 0x0000000800000000)
  region size 4096K, 3 young (12288K), 3 survivors (12288K)
 Metaspace       used 73490K, committed 73792K, reserved 1122304K
  class space    used 8317K, committed 8448K, reserved 1048576K
}

